<testsuites id="" name="" tests="12" failures="12" skipped="0" errors="0" time="67.45516">
<testsuite name="stock-history-pdf-download.spec.ts" timestamp="2025-08-18T16:35:48.141Z" hostname="chromium" tests="6" failures="6" skipped="0" time="128.98" errors="0">
<testcase name="Stock History PDF Download › should download PDF for all products stock history" classname="stock-history-pdf-download.spec.ts" time="21.641">
<failure message="stock-history-pdf-download.spec.ts:25:3 should download PDF for all products stock history" type="FAILURE">
<![CDATA[  [chromium] › stock-history-pdf-download.spec.ts:25:3 › Stock History PDF Download › should download PDF for all products stock history 

    TimeoutError: page.waitForSelector: Timeout 15000ms exceeded.
    Call log:
      - waiting for locator('text=Stock Movement History') to be visible


      26 |     // Navigate to stock history page
      27 |     await page.goto('http://localhost:5173/products/stock-history')
    > 28 |     await page.waitForSelector('text=Stock Movement History', { timeout: 15000 })
         |                ^
      29 |     await page.waitForTimeout(3000)
      30 |     
      31 |     // Verify download button is visible
        at /Users/vivekm/code/ipsc/frontend/tests/e2e/stock-history-pdf-download.spec.ts:28:16

    attachment #1: screenshot (image/png) ──────────────────────────────────────────────────────────
    ../../test-results/stock-history-pdf-download-7acc1--all-products-stock-history-chromium/test-failed-1.png
    ────────────────────────────────────────────────────────────────────────────────────────────────

    attachment #2: video (video/webm) ──────────────────────────────────────────────────────────────
    ../../test-results/stock-history-pdf-download-7acc1--all-products-stock-history-chromium/video.webm
    ────────────────────────────────────────────────────────────────────────────────────────────────

    Error Context: ../../test-results/stock-history-pdf-download-7acc1--all-products-stock-history-chromium/error-context.md
]]>
</failure>
<system-out>
<![CDATA[
[[ATTACHMENT|stock-history-pdf-download-7acc1--all-products-stock-history-chromium/test-failed-1.png]]

[[ATTACHMENT|stock-history-pdf-download-7acc1--all-products-stock-history-chromium/video.webm]]

[[ATTACHMENT|stock-history-pdf-download-7acc1--all-products-stock-history-chromium/error-context.md]]
]]>
</system-out>
</testcase>
<testcase name="Stock History PDF Download › should download PDF for specific product stock history" classname="stock-history-pdf-download.spec.ts" time="22.047">
<failure message="stock-history-pdf-download.spec.ts:51:3 should download PDF for specific product stock history" type="FAILURE">
<![CDATA[  [chromium] › stock-history-pdf-download.spec.ts:51:3 › Stock History PDF Download › should download PDF for specific product stock history 

    TimeoutError: page.waitForSelector: Timeout 15000ms exceeded.
    Call log:
      - waiting for locator('text=PRODUCTS') to be visible


      51 |   test('should download PDF for specific product stock history', async ({ page }) => {
      52 |     // Wait for sidebar to be visible
    > 53 |     await page.waitForSelector('text=PRODUCTS', { timeout: 15000 })
         |                ^
      54 |     
      55 |     // Navigate to products page
      56 |     await page.click('text=PRODUCTS')
        at /Users/vivekm/code/ipsc/frontend/tests/e2e/stock-history-pdf-download.spec.ts:53:16

    attachment #1: screenshot (image/png) ──────────────────────────────────────────────────────────
    ../../test-results/stock-history-pdf-download-9be3f-cific-product-stock-history-chromium/test-failed-1.png
    ────────────────────────────────────────────────────────────────────────────────────────────────

    attachment #2: video (video/webm) ──────────────────────────────────────────────────────────────
    ../../test-results/stock-history-pdf-download-9be3f-cific-product-stock-history-chromium/video.webm
    ────────────────────────────────────────────────────────────────────────────────────────────────

    Error Context: ../../test-results/stock-history-pdf-download-9be3f-cific-product-stock-history-chromium/error-context.md
]]>
</failure>
<system-out>
<![CDATA[
[[ATTACHMENT|stock-history-pdf-download-9be3f-cific-product-stock-history-chromium/test-failed-1.png]]

[[ATTACHMENT|stock-history-pdf-download-9be3f-cific-product-stock-history-chromium/video.webm]]

[[ATTACHMENT|stock-history-pdf-download-9be3f-cific-product-stock-history-chromium/error-context.md]]
]]>
</system-out>
</testcase>
<testcase name="Stock History PDF Download › should show loading state during PDF generation" classname="stock-history-pdf-download.spec.ts" time="21.649">
<failure message="stock-history-pdf-download.spec.ts:92:3 should show loading state during PDF generation" type="FAILURE">
<![CDATA[  [chromium] › stock-history-pdf-download.spec.ts:92:3 › Stock History PDF Download › should show loading state during PDF generation 

    TimeoutError: page.waitForSelector: Timeout 15000ms exceeded.
    Call log:
      - waiting for locator('text=Stock Movement History') to be visible


      93 |     // Navigate to stock history page
      94 |     await page.goto('http://localhost:5173/products/stock-history')
    > 95 |     await page.waitForSelector('text=Stock Movement History', { timeout: 15000 })
         |                ^
      96 |     await page.waitForTimeout(3000)
      97 |     
      98 |     // Click download button
        at /Users/vivekm/code/ipsc/frontend/tests/e2e/stock-history-pdf-download.spec.ts:95:16

    attachment #1: screenshot (image/png) ──────────────────────────────────────────────────────────
    ../../test-results/stock-history-pdf-download-e8cee-state-during-PDF-generation-chromium/test-failed-1.png
    ────────────────────────────────────────────────────────────────────────────────────────────────

    attachment #2: video (video/webm) ──────────────────────────────────────────────────────────────
    ../../test-results/stock-history-pdf-download-e8cee-state-during-PDF-generation-chromium/video.webm
    ────────────────────────────────────────────────────────────────────────────────────────────────

    Error Context: ../../test-results/stock-history-pdf-download-e8cee-state-during-PDF-generation-chromium/error-context.md
]]>
</failure>
<system-out>
<![CDATA[
[[ATTACHMENT|stock-history-pdf-download-e8cee-state-during-PDF-generation-chromium/test-failed-1.png]]

[[ATTACHMENT|stock-history-pdf-download-e8cee-state-during-PDF-generation-chromium/video.webm]]

[[ATTACHMENT|stock-history-pdf-download-e8cee-state-during-PDF-generation-chromium/error-context.md]]
]]>
</system-out>
</testcase>
<testcase name="Stock History PDF Download › should download PDF with current filters applied" classname="stock-history-pdf-download.spec.ts" time="21.909">
<failure message="stock-history-pdf-download.spec.ts:117:3 should download PDF with current filters applied" type="FAILURE">
<![CDATA[  [chromium] › stock-history-pdf-download.spec.ts:117:3 › Stock History PDF Download › should download PDF with current filters applied 

    TimeoutError: page.waitForSelector: Timeout 15000ms exceeded.
    Call log:
      - waiting for locator('text=Stock Movement History') to be visible


      118 |     // Navigate to stock history page
      119 |     await page.goto('http://localhost:5173/products/stock-history')
    > 120 |     await page.waitForSelector('text=Stock Movement History', { timeout: 15000 })
          |                ^
      121 |     await page.waitForTimeout(3000)
      122 |     
      123 |     // Apply a filter (select a specific financial year)
        at /Users/vivekm/code/ipsc/frontend/tests/e2e/stock-history-pdf-download.spec.ts:120:16

    attachment #1: screenshot (image/png) ──────────────────────────────────────────────────────────
    ../../test-results/stock-history-pdf-download-163e3-ith-current-filters-applied-chromium/test-failed-1.png
    ────────────────────────────────────────────────────────────────────────────────────────────────

    attachment #2: video (video/webm) ──────────────────────────────────────────────────────────────
    ../../test-results/stock-history-pdf-download-163e3-ith-current-filters-applied-chromium/video.webm
    ────────────────────────────────────────────────────────────────────────────────────────────────

    Error Context: ../../test-results/stock-history-pdf-download-163e3-ith-current-filters-applied-chromium/error-context.md
]]>
</failure>
<system-out>
<![CDATA[
[[ATTACHMENT|stock-history-pdf-download-163e3-ith-current-filters-applied-chromium/test-failed-1.png]]

[[ATTACHMENT|stock-history-pdf-download-163e3-ith-current-filters-applied-chromium/video.webm]]

[[ATTACHMENT|stock-history-pdf-download-163e3-ith-current-filters-applied-chromium/error-context.md]]
]]>
</system-out>
</testcase>
<testcase name="Stock History PDF Download › should handle PDF download error gracefully" classname="stock-history-pdf-download.spec.ts" time="21.868">
<failure message="stock-history-pdf-download.spec.ts:146:3 should handle PDF download error gracefully" type="FAILURE">
<![CDATA[  [chromium] › stock-history-pdf-download.spec.ts:146:3 › Stock History PDF Download › should handle PDF download error gracefully 

    TimeoutError: page.waitForSelector: Timeout 15000ms exceeded.
    Call log:
      - waiting for locator('text=Stock Movement History') to be visible


      147 |     // Navigate to stock history page
      148 |     await page.goto('http://localhost:5173/products/stock-history')
    > 149 |     await page.waitForSelector('text=Stock Movement History', { timeout: 15000 })
          |                ^
      150 |     await page.waitForTimeout(3000)
      151 |     
      152 |     // Mock a network error by intercepting the request
        at /Users/vivekm/code/ipsc/frontend/tests/e2e/stock-history-pdf-download.spec.ts:149:16

    attachment #1: screenshot (image/png) ──────────────────────────────────────────────────────────
    ../../test-results/stock-history-pdf-download-7a263-F-download-error-gracefully-chromium/test-failed-1.png
    ────────────────────────────────────────────────────────────────────────────────────────────────

    attachment #2: video (video/webm) ──────────────────────────────────────────────────────────────
    ../../test-results/stock-history-pdf-download-7a263-F-download-error-gracefully-chromium/video.webm
    ────────────────────────────────────────────────────────────────────────────────────────────────

    Error Context: ../../test-results/stock-history-pdf-download-7a263-F-download-error-gracefully-chromium/error-context.md
]]>
</failure>
<system-out>
<![CDATA[
[[ATTACHMENT|stock-history-pdf-download-7a263-F-download-error-gracefully-chromium/test-failed-1.png]]

[[ATTACHMENT|stock-history-pdf-download-7a263-F-download-error-gracefully-chromium/video.webm]]

[[ATTACHMENT|stock-history-pdf-download-7a263-F-download-error-gracefully-chromium/error-context.md]]
]]>
</system-out>
</testcase>
<testcase name="Stock History PDF Download › should disable download button during generation" classname="stock-history-pdf-download.spec.ts" time="19.866">
<failure message="stock-history-pdf-download.spec.ts:174:3 should disable download button during generation" type="FAILURE">
<![CDATA[  [chromium] › stock-history-pdf-download.spec.ts:174:3 › Stock History PDF Download › should disable download button during generation 

    TimeoutError: page.waitForSelector: Timeout 15000ms exceeded.
    Call log:
      - waiting for locator('text=Stock Movement History') to be visible


      175 |     // Navigate to stock history page
      176 |     await page.goto('http://localhost:5173/products/stock-history')
    > 177 |     await page.waitForSelector('text=Stock Movement History', { timeout: 15000 })
          |                ^
      178 |     await page.waitForTimeout(3000)
      179 |     
      180 |     // Click download button
        at /Users/vivekm/code/ipsc/frontend/tests/e2e/stock-history-pdf-download.spec.ts:177:16

    attachment #1: screenshot (image/png) ──────────────────────────────────────────────────────────
    ../../test-results/stock-history-pdf-download-45db2-ad-button-during-generation-chromium/test-failed-1.png
    ────────────────────────────────────────────────────────────────────────────────────────────────

    attachment #2: video (video/webm) ──────────────────────────────────────────────────────────────
    ../../test-results/stock-history-pdf-download-45db2-ad-button-during-generation-chromium/video.webm
    ────────────────────────────────────────────────────────────────────────────────────────────────

    Error Context: ../../test-results/stock-history-pdf-download-45db2-ad-button-during-generation-chromium/error-context.md
]]>
</failure>
<system-out>
<![CDATA[
[[ATTACHMENT|stock-history-pdf-download-45db2-ad-button-during-generation-chromium/test-failed-1.png]]

[[ATTACHMENT|stock-history-pdf-download-45db2-ad-button-during-generation-chromium/video.webm]]

[[ATTACHMENT|stock-history-pdf-download-45db2-ad-button-during-generation-chromium/error-context.md]]
]]>
</system-out>
</testcase>
</testsuite>
<testsuite name="stock-history-pdf-download.spec.ts" timestamp="2025-08-18T16:35:48.141Z" hostname="firefox" tests="6" failures="6" skipped="0" time="121.327" errors="0">
<testcase name="Stock History PDF Download › should download PDF for all products stock history" classname="stock-history-pdf-download.spec.ts" time="20.635">
<failure message="stock-history-pdf-download.spec.ts:25:3 should download PDF for all products stock history" type="FAILURE">
<![CDATA[  [firefox] › stock-history-pdf-download.spec.ts:25:3 › Stock History PDF Download › should download PDF for all products stock history 

    TimeoutError: page.waitForSelector: Timeout 15000ms exceeded.
    Call log:
      - waiting for locator('text=Stock Movement History') to be visible


      26 |     // Navigate to stock history page
      27 |     await page.goto('http://localhost:5173/products/stock-history')
    > 28 |     await page.waitForSelector('text=Stock Movement History', { timeout: 15000 })
         |                ^
      29 |     await page.waitForTimeout(3000)
      30 |     
      31 |     // Verify download button is visible
        at /Users/vivekm/code/ipsc/frontend/tests/e2e/stock-history-pdf-download.spec.ts:28:16

    attachment #1: screenshot (image/png) ──────────────────────────────────────────────────────────
    ../../test-results/stock-history-pdf-download-7acc1--all-products-stock-history-firefox/test-failed-1.png
    ────────────────────────────────────────────────────────────────────────────────────────────────

    attachment #2: video (video/webm) ──────────────────────────────────────────────────────────────
    ../../test-results/stock-history-pdf-download-7acc1--all-products-stock-history-firefox/video.webm
    ────────────────────────────────────────────────────────────────────────────────────────────────

    Error Context: ../../test-results/stock-history-pdf-download-7acc1--all-products-stock-history-firefox/error-context.md
]]>
</failure>
<system-out>
<![CDATA[
[[ATTACHMENT|stock-history-pdf-download-7acc1--all-products-stock-history-firefox/test-failed-1.png]]

[[ATTACHMENT|stock-history-pdf-download-7acc1--all-products-stock-history-firefox/video.webm]]

[[ATTACHMENT|stock-history-pdf-download-7acc1--all-products-stock-history-firefox/error-context.md]]
]]>
</system-out>
</testcase>
<testcase name="Stock History PDF Download › should download PDF for specific product stock history" classname="stock-history-pdf-download.spec.ts" time="20.267">
<failure message="stock-history-pdf-download.spec.ts:51:3 should download PDF for specific product stock history" type="FAILURE">
<![CDATA[  [firefox] › stock-history-pdf-download.spec.ts:51:3 › Stock History PDF Download › should download PDF for specific product stock history 

    TimeoutError: page.waitForSelector: Timeout 15000ms exceeded.
    Call log:
      - waiting for locator('text=PRODUCTS') to be visible


      51 |   test('should download PDF for specific product stock history', async ({ page }) => {
      52 |     // Wait for sidebar to be visible
    > 53 |     await page.waitForSelector('text=PRODUCTS', { timeout: 15000 })
         |                ^
      54 |     
      55 |     // Navigate to products page
      56 |     await page.click('text=PRODUCTS')
        at /Users/vivekm/code/ipsc/frontend/tests/e2e/stock-history-pdf-download.spec.ts:53:16

    attachment #1: screenshot (image/png) ──────────────────────────────────────────────────────────
    ../../test-results/stock-history-pdf-download-9be3f-cific-product-stock-history-firefox/test-failed-1.png
    ────────────────────────────────────────────────────────────────────────────────────────────────

    attachment #2: video (video/webm) ──────────────────────────────────────────────────────────────
    ../../test-results/stock-history-pdf-download-9be3f-cific-product-stock-history-firefox/video.webm
    ────────────────────────────────────────────────────────────────────────────────────────────────

    Error Context: ../../test-results/stock-history-pdf-download-9be3f-cific-product-stock-history-firefox/error-context.md
]]>
</failure>
<system-out>
<![CDATA[
[[ATTACHMENT|stock-history-pdf-download-9be3f-cific-product-stock-history-firefox/test-failed-1.png]]

[[ATTACHMENT|stock-history-pdf-download-9be3f-cific-product-stock-history-firefox/video.webm]]

[[ATTACHMENT|stock-history-pdf-download-9be3f-cific-product-stock-history-firefox/error-context.md]]
]]>
</system-out>
</testcase>
<testcase name="Stock History PDF Download › should show loading state during PDF generation" classname="stock-history-pdf-download.spec.ts" time="20.411">
<failure message="stock-history-pdf-download.spec.ts:92:3 should show loading state during PDF generation" type="FAILURE">
<![CDATA[  [firefox] › stock-history-pdf-download.spec.ts:92:3 › Stock History PDF Download › should show loading state during PDF generation 

    TimeoutError: page.waitForSelector: Timeout 15000ms exceeded.
    Call log:
      - waiting for locator('text=Stock Movement History') to be visible


      93 |     // Navigate to stock history page
      94 |     await page.goto('http://localhost:5173/products/stock-history')
    > 95 |     await page.waitForSelector('text=Stock Movement History', { timeout: 15000 })
         |                ^
      96 |     await page.waitForTimeout(3000)
      97 |     
      98 |     // Click download button
        at /Users/vivekm/code/ipsc/frontend/tests/e2e/stock-history-pdf-download.spec.ts:95:16

    attachment #1: screenshot (image/png) ──────────────────────────────────────────────────────────
    ../../test-results/stock-history-pdf-download-e8cee-state-during-PDF-generation-firefox/test-failed-1.png
    ────────────────────────────────────────────────────────────────────────────────────────────────

    attachment #2: video (video/webm) ──────────────────────────────────────────────────────────────
    ../../test-results/stock-history-pdf-download-e8cee-state-during-PDF-generation-firefox/video.webm
    ────────────────────────────────────────────────────────────────────────────────────────────────

    Error Context: ../../test-results/stock-history-pdf-download-e8cee-state-during-PDF-generation-firefox/error-context.md
]]>
</failure>
<system-out>
<![CDATA[
[[ATTACHMENT|stock-history-pdf-download-e8cee-state-during-PDF-generation-firefox/test-failed-1.png]]

[[ATTACHMENT|stock-history-pdf-download-e8cee-state-during-PDF-generation-firefox/video.webm]]

[[ATTACHMENT|stock-history-pdf-download-e8cee-state-during-PDF-generation-firefox/error-context.md]]
]]>
</system-out>
</testcase>
<testcase name="Stock History PDF Download › should download PDF with current filters applied" classname="stock-history-pdf-download.spec.ts" time="20.328">
<failure message="stock-history-pdf-download.spec.ts:117:3 should download PDF with current filters applied" type="FAILURE">
<![CDATA[  [firefox] › stock-history-pdf-download.spec.ts:117:3 › Stock History PDF Download › should download PDF with current filters applied 

    TimeoutError: page.waitForSelector: Timeout 15000ms exceeded.
    Call log:
      - waiting for locator('text=Stock Movement History') to be visible


      118 |     // Navigate to stock history page
      119 |     await page.goto('http://localhost:5173/products/stock-history')
    > 120 |     await page.waitForSelector('text=Stock Movement History', { timeout: 15000 })
          |                ^
      121 |     await page.waitForTimeout(3000)
      122 |     
      123 |     // Apply a filter (select a specific financial year)
        at /Users/vivekm/code/ipsc/frontend/tests/e2e/stock-history-pdf-download.spec.ts:120:16

    attachment #1: screenshot (image/png) ──────────────────────────────────────────────────────────
    ../../test-results/stock-history-pdf-download-163e3-ith-current-filters-applied-firefox/test-failed-1.png
    ────────────────────────────────────────────────────────────────────────────────────────────────

    attachment #2: video (video/webm) ──────────────────────────────────────────────────────────────
    ../../test-results/stock-history-pdf-download-163e3-ith-current-filters-applied-firefox/video.webm
    ────────────────────────────────────────────────────────────────────────────────────────────────

    Error Context: ../../test-results/stock-history-pdf-download-163e3-ith-current-filters-applied-firefox/error-context.md
]]>
</failure>
<system-out>
<![CDATA[
[[ATTACHMENT|stock-history-pdf-download-163e3-ith-current-filters-applied-firefox/test-failed-1.png]]

[[ATTACHMENT|stock-history-pdf-download-163e3-ith-current-filters-applied-firefox/video.webm]]

[[ATTACHMENT|stock-history-pdf-download-163e3-ith-current-filters-applied-firefox/error-context.md]]
]]>
</system-out>
</testcase>
<testcase name="Stock History PDF Download › should handle PDF download error gracefully" classname="stock-history-pdf-download.spec.ts" time="19.922">
<failure message="stock-history-pdf-download.spec.ts:146:3 should handle PDF download error gracefully" type="FAILURE">
<![CDATA[  [firefox] › stock-history-pdf-download.spec.ts:146:3 › Stock History PDF Download › should handle PDF download error gracefully 

    TimeoutError: page.waitForSelector: Timeout 15000ms exceeded.
    Call log:
      - waiting for locator('text=Stock Movement History') to be visible


      147 |     // Navigate to stock history page
      148 |     await page.goto('http://localhost:5173/products/stock-history')
    > 149 |     await page.waitForSelector('text=Stock Movement History', { timeout: 15000 })
          |                ^
      150 |     await page.waitForTimeout(3000)
      151 |     
      152 |     // Mock a network error by intercepting the request
        at /Users/vivekm/code/ipsc/frontend/tests/e2e/stock-history-pdf-download.spec.ts:149:16

    attachment #1: screenshot (image/png) ──────────────────────────────────────────────────────────
    ../../test-results/stock-history-pdf-download-7a263-F-download-error-gracefully-firefox/test-failed-1.png
    ────────────────────────────────────────────────────────────────────────────────────────────────

    attachment #2: video (video/webm) ──────────────────────────────────────────────────────────────
    ../../test-results/stock-history-pdf-download-7a263-F-download-error-gracefully-firefox/video.webm
    ────────────────────────────────────────────────────────────────────────────────────────────────

    Error Context: ../../test-results/stock-history-pdf-download-7a263-F-download-error-gracefully-firefox/error-context.md
]]>
</failure>
<system-out>
<![CDATA[
[[ATTACHMENT|stock-history-pdf-download-7a263-F-download-error-gracefully-firefox/test-failed-1.png]]

[[ATTACHMENT|stock-history-pdf-download-7a263-F-download-error-gracefully-firefox/video.webm]]

[[ATTACHMENT|stock-history-pdf-download-7a263-F-download-error-gracefully-firefox/error-context.md]]
]]>
</system-out>
</testcase>
<testcase name="Stock History PDF Download › should disable download button during generation" classname="stock-history-pdf-download.spec.ts" time="19.764">
<failure message="stock-history-pdf-download.spec.ts:174:3 should disable download button during generation" type="FAILURE">
<![CDATA[  [firefox] › stock-history-pdf-download.spec.ts:174:3 › Stock History PDF Download › should disable download button during generation 

    TimeoutError: page.waitForSelector: Timeout 15000ms exceeded.
    Call log:
      - waiting for locator('text=Stock Movement History') to be visible


      175 |     // Navigate to stock history page
      176 |     await page.goto('http://localhost:5173/products/stock-history')
    > 177 |     await page.waitForSelector('text=Stock Movement History', { timeout: 15000 })
          |                ^
      178 |     await page.waitForTimeout(3000)
      179 |     
      180 |     // Click download button
        at /Users/vivekm/code/ipsc/frontend/tests/e2e/stock-history-pdf-download.spec.ts:177:16

    attachment #1: screenshot (image/png) ──────────────────────────────────────────────────────────
    ../../test-results/stock-history-pdf-download-45db2-ad-button-during-generation-firefox/test-failed-1.png
    ────────────────────────────────────────────────────────────────────────────────────────────────

    attachment #2: video (video/webm) ──────────────────────────────────────────────────────────────
    ../../test-results/stock-history-pdf-download-45db2-ad-button-during-generation-firefox/video.webm
    ────────────────────────────────────────────────────────────────────────────────────────────────

    Error Context: ../../test-results/stock-history-pdf-download-45db2-ad-button-during-generation-firefox/error-context.md
]]>
</failure>
<system-out>
<![CDATA[
[[ATTACHMENT|stock-history-pdf-download-45db2-ad-button-during-generation-firefox/test-failed-1.png]]

[[ATTACHMENT|stock-history-pdf-download-45db2-ad-button-during-generation-firefox/video.webm]]

[[ATTACHMENT|stock-history-pdf-download-45db2-ad-button-during-generation-firefox/error-context.md]]
]]>
</system-out>
</testcase>
</testsuite>
</testsuites>