<?xml version="1.0" encoding="utf-8"?><testsuites><testsuite name="pytest" errors="1" failures="0" skipped="0" tests="1" time="0.078" timestamp="2025-08-14T20:41:08.742072+05:30" hostname="Viveks-MacBook-Air.local"><testcase classname="" name="tests.e2e.test_user_flows" time="0.000"><error message="collection failure">ImportError while importing test module '/Users/vivekm/code/ipsc/tests/e2e/test_user_flows.py'.
Hint: make sure your test modules/packages have valid Python names.
Traceback:
/opt/homebrew/Cellar/python@3.13/3.13.5/Frameworks/Python.framework/Versions/3.13/lib/python3.13/importlib/__init__.py:88: in import_module
    return _bootstrap._gcd_import(name[level:], package, level)
tests/e2e/test_user_flows.py:3: in &lt;module&gt;
    from playwright.sync_api import sync_playwright, expect
E   ModuleNotFoundError: No module named 'playwright'</error></testcase></testsuite></testsuites>